1727885600.9394634,run
1727886140.8946478,run
1727886742.9406168,run
1727887338.5785115,run
1727887937.5609915,run
1727888531.3719635,run
1727889144.05632,run
1727889742.9113069,run
1727890341.0256343,run
1727890938.457419,run
1727891547.2115371,run
1727892136.340399,run
1727892741.519338,run
1727893598.1199067,run
1727893940.6567206,run
1727894536.5518703,run
1727895158.1169343,run
1727895743.8765767,run
1727896339.270242,run
1727896937.4989579,run
1727897557.783013,run
1727898138.6444185,run
1727898740.9956236,run
1727933380.483483,run
1727933507.08967,run
1727933782.58477,run
1727934326.9151137,run
1727934686.9911163,run
1727935178.302391,run
1727935782.2553413,run
1727936385.6380095,run
1727936975.935477,run
1727937574.1318483,run
1727939251.3121164,apply
1727939515.5907502,apply
1727939822.8312743,apply
1727940172.5565977,apply
1727941057.6927397,apply
1727941410.3158734,apply
1727941705.8460062,apply
1727941957.2819045,apply
1727942261.4444544,apply
1727942561.5628583,apply
1727942886.513,apply
1727943340.9669092,apply
1727943833.1575322,apply
1727944219.9601188,apply
1727944622.3073187,apply
1727945151.5936947,apply
1727949257.1333125,run
1727949259.8180127,run
1727949262.9115415,run
1727949266.5188344,run
1727949266.806195,run
1727949271.6139016,run
1727949272.5706158,run
1727949275.2191017,run
1727949275.697621,run
1727949285.1137757,run
1727949285.465591,run
1727949287.37565,run
1727949292.5739162,run
1727949295.1361308,run
1727949296.488031,run
1727949297.3832867,run
1727949300.0733504,run
1727949302.9514232,run
1727949304.2392225,run
1727949304.609833,run
1727949308.751891,run
1727949309.7829616,run
1727949316.57994,run
1727949317.360468,run
1727949319.7585533,run
1727949320.7324378,run
1727949325.6862836,run
1727949328.833608,run
1727949330.5599773,run
1727949330.590185,run
1727949336.249593,run
1727949338.736886,run
1727949341.1026287,run
1727949342.4244468,run
1727949351.934983,run
1727949355.3018603,run
1727949356.925267,run
1727949359.7460892,run
1727949360.3589199,run
1727949363.95834,run
1727949368.4572935,run
1727949371.2578642,run
1727949378.9563043,run
1727949380.722921,run
1727949381.306842,run
1727949383.8034685,run
1727949387.9449546,run
1727949392.2726507,run
1727949393.5252526,run
1727949396.4555888,run
1727949399.5560558,run
1727949402.9265542,run
1727949404.856574,run
1727949406.3055816,run
1727949407.4136357,run
1727949410.4745302,run
1727949411.9785602,run
1727949415.1662076,run
1727949415.4498746,run
1727949417.388287,run
1727949420.6197686,run
1727949422.1904678,run
1727949426.6657321,run
1727949429.3604705,run
1727949430.2254713,run
1727949430.8096204,run
1727949433.8615398,run
1727949436.922821,run
1727949441.6295006,run
1727949441.9538836,run
1727949444.640573,run
1727949445.237904,run
1727949452.7348125,run
1727949453.1933677,run
1727949455.1367471,run
1727949456.7413325,run
1727949461.240836,run
1727949464.8207746,run
1727949464.9620824,run
1727949469.4302688,run
1727949469.5634093,run
1727949474.750224,run
1727949480.0819397,run
1727949480.6770856,run
1727949484.1403813,run
1727949484.7392266,run
1727949485.736654,run
1727949489.7536607,run
1727949494.8293612,run
1727949494.9555845,run
1727949495.3416479,run
1727949497.4526007,run
1727949500.1194327,run
1727949501.111013,run
1727949501.234655,run
1727949503.1685927,run
1727949507.4316983,run
1727949508.1779184,run
1727949511.9808125,run
1727949516.3459523,run
1727949517.7467127,run
1727949519.3133566,run
1727949523.1707594,run
1727949527.6442575,run
1727949528.8979118,run
1727949530.96376,run
1727949533.5437455,run
1727949534.8525674,run
1727949539.0665514,run
1727949541.7198336,run
1727949547.1283722,run
1727949547.3759327,run
1727949547.9221134,run
1727949550.223804,run
1727949552.9775803,run
1727949558.2604854,run
1727949560.306106,run
1727949562.4340081,run
1727949562.6163425,run
1727949563.6701624,run
1727949566.7445102,run
1727949571.9892104,run
1727949572.6391025,run
1727949575.6665218,run
1727949578.9024203,run
1727949585.0339916,run
1727949587.7519739,run
1727949588.799412,run
1727949593.4337163,run
1727949596.9829066,run
1727949598.3641374,run
1727949601.5329556,run
1727949604.5309489,run
1727949605.2188892,run
1727949612.3049495,run
1727949613.7823403,run
1727949614.7114642,run
1727949615.5304468,run
1727949621.1680706,run
1727949626.6217957,run
1727949629.092591,run
1727949629.4527977,run
1727949636.4781685,run
1727949637.776202,run
1727949642.9752038,run
1727949643.470784,run
1727949645.9009914,run
1727949646.84053,run
1727949650.151978,run
1727949656.6938815,run
1727949660.3080776,run
1727949669.62059,run
1727949673.4471548,run
1727949676.232355,run
1727949676.8642862,run
1727949685.689231,run
1727949687.8699386,run
1727949688.0893972,run
1727949689.0161996,run
1727949697.0281177,run
1727949699.7148964,run
1727949700.519015,run
1727949702.2804515,run
1727949706.1424253,run
1727949708.0923493,run
1727949711.664735,run
1727949717.6566958,run
1727949718.0679224,run
1727949719.7389448,run
1727949721.338344,run
1727949726.4821427,run
1727949727.5983992,run
1727949732.4964359,run
1727949732.8518422,run
1727949740.5630336,run
1727949740.6427543,run
1727949743.3281982,run
1727949748.6777117,run
1727949748.700806,run
1727949749.5874498,run
1727949752.65869,run
1727949755.0789251,run
1727949758.205542,run
1727949758.8680608,run
1727949760.2786283,run
1727949764.368013,run
1727949766.182849,run
1727949766.447592,run
1727949772.9345078,run
1727949777.5447881,run
1727949778.1572523,run
1727949783.3675132,run
1727949784.6999266,run
1727949784.7429297,run
1727949784.7712388,run
1727949789.3143148,run
1727949789.8913164,run
1727949790.0195696,run
1727949790.900149,run
1727949794.2033553,run
1727949799.3383925,run
1727949799.5207827,run
1727949800.7274628,run
1727949802.8032548,run
1727949805.15829,run
1727949810.4279234,run
1727949816.281563,run
1727949816.6096725,run
1727949818.7307773,run
1727949820.7709603,run
1727949821.1373723,run
1727949828.6252444,run
1727949832.769342,run
1727949834.2691395,run
1727949838.214235,run
1727949843.590752,run
1727949845.29116,run
1727949845.666156,run
1727949846.3177876,run
1727949848.6407235,run
1727949854.0866446,run
1727949855.2984345,run
1727949857.6365309,run
1727949864.3641806,run
1727949865.3865657,run
1727949869.2085674,run
1727949870.9385655,run
1727949876.2816427,run
1727949878.9537618,run
1727949888.0399742,run
1727949890.3055518,run
1727949892.3934443,run
1727949899.8749409,run
1727949901.3611965,run
1727949903.9086938,run
1727949913.6892104,run
1727949921.3662384,run
1727949921.9050653,run
1727949922.948102,run
1727949924.2978852,run
1727949931.1769495,run
1727949931.3487399,run
1727949933.701541,run
1727949937.605382,run
1727949944.8200867,run
1727949949.9227664,run
1727949950.4571238,run
1727949951.1017308,run
1727949957.207815,run
1727949959.7394543,run
1727949964.0986795,run
1727949968.5457935,run
1727949973.264383,run
1727949975.345582,run
1727949977.8418734,run
1727949982.94509,run
1727949985.2114084,run
1727949988.3897095,run
1727949992.8462625,run
1727950000.3758218,run
1727950000.5075912,run
1727950001.279526,run
1727950003.9980578,run
1727950009.7799156,run
1727950011.796889,run
1727950013.474558,run
1727950013.9561136,run
1727950023.348556,run
1727950024.045401,run
1727950024.637251,run
1727950026.2467277,run
1727950033.9781673,run
1727950041.303388,run
1727950043.9652047,run
1727950044.8237646,run
1727950056.638843,run
1727950056.6648636,run
1727950056.9950075,run
1727950057.2744548,run
1727950065.3381865,run
1727950073.3185976,run
1727950074.0359318,run
1727950075.489687,run
1727950080.7179215,run
1727950082.9258063,run
1727950085.4532652,run
1727950085.6495132,run
1727950090.4568489,run
1727950094.8550203,run
1727950097.5879006,run
1727950105.4009554,run
1727950105.775311,run
1727950107.5307457,run
1727950109.6897862,run
1727950115.7975218,run
1727950119.8620174,run
1727950119.898984,run
1727950124.7098835,run
1727950129.7193487,run
1727950132.1813686,run
1727950138.7801323,run
1727950140.336927,run
1727950144.5189605,run
1727950145.3098176,run
1727950147.3731098,run
1727950154.843411,run
1727950155.7748585,run
1727950157.4689038,run
1727950164.497793,run
1727950171.008126,run
1727950174.3998146,run
1727950179.105759,run
1727950180.5098698,run
1727950184.8428903,run
1727950186.736987,run
1727950190.815283,run
1727950190.856804,run
1727950200.0672283,run
1727950200.1518004,run
1727950200.2159202,run
1727950201.6684165,run
1727950211.7835164,run
1727950215.6791863,run
1727950216.9096901,run
1727950220.5349386,run
1727950220.672718,run
1727950227.1395743,run
1727950233.7388241,run
1727950240.6465547,run
1727950242.984191,run
1727950244.512733,run
1727950253.4891274,run
1727950254.321169,run
1727950257.5318725,run
1727950257.9119282,run
1727950264.9497726,run
1727950268.4111352,run
1727950268.6232524,run
1727950272.6116812,run
1727950278.5295975,run
1727950282.3502283,run
1727950286.9778152,run
